Solid Edge Translation to STEP
Date: Friday,July 10,2026 01:54AM
Output File: C:\Users\user\Desktop\mark4 10\FC\FC - BREAKOUT\DUMMY_H743.stp
Author: Unknown
Organization: Unknown
Source System: Solid Edge

Hardware:
Processor: Intel(R) Core(TM) i7-10750H CPU @ 2.60GHz
Operating System: Windows 10 Version:22H2 Build:19045 System Type:64-bit
Installed Memory: 15.82 GB

Software Information
Parasolid Version: 37.0.118
PSBodyShop Version: 37.0.94
Step Adapter Version: 15.0.142
Solid Edge Version: 225.00.01.004 x64

STEP Export Options
Export Format: AP214
Export Construction Sheets: Off
Export Construction Solids: Off
Export Construction Wires: Off
Export Displayed Parts Only: Off
Export Units: Millimeters
Export Part Component Names As Unicode: Off
Export PMI: Off

Phase 1 of 1 Translating Parasolid to foreign data types...
Translation process completed
Time required to translate:00 : 00 : 01
